<?xml version="1.0" encoding="UTF-8"?>
<TestRun id="e5f958d0-570a-4749-8368-4fa49fc0e763" name="Fede@HP-FEDE 2010-08-24 12:30:40" runUser="hp-fede\Fede" xmlns="http://microsoft.com/schemas/VisualStudio/TeamTest/2010">
  <TestSettings name="Local" id="4485302a-3d6a-4037-a3f5-124d9daff8e6">
    <Description>These are default test settings for a local test run.</Description>
    <Deployment enabled="false" runDeploymentRoot="Fede_HP-FEDE 2010-08-24 12_30_40" />
    <Execution>
      <TestTypeSpecific />
      <AgentRule name="Execution Agents">
      </AgentRule>
    </Execution>
  </TestSettings>
  <Times creation="2010-08-24T12:30:40.6745605-03:00" queuing="2010-08-24T12:30:41.9656343-03:00" start="2010-08-24T12:30:42.1406443-03:00" finish="2010-08-24T12:30:43.1857041-03:00" />
  <ResultSummary outcome="Completed">
    <Counters total="1" executed="1" passed="1" error="0" failed="0" timeout="0" aborted="0" inconclusive="0" passedButRunAborted="0" notRunnable="0" notExecuted="0" disconnected="0" warning="0" completed="0" inProgress="0" pending="0" />
  </ResultSummary>
  <TestDefinitions>
    <UnitTest name="TestMethod1" storage="c:\users\fede\documents\facultad\poo\obligatorio\obligatorio\testproject1\bin\debug\testproject1.dll" id="59863143-3238-122e-4d8a-637b491cc755">
      <Execution id="ade62c0f-02d5-4d6f-8a2a-0e2d8d65070a" />
      <TestMethod codeBase="C:/Users/Fede/Documents/Facultad/POO/Obligatorio/obligatorio/TestProject1/bin/Debug/TestProject1.DLL" adapterTypeName="Microsoft.VisualStudio.TestTools.TestTypes.Unit.UnitTestAdapter, Microsoft.VisualStudio.QualityTools.Tips.UnitTest.Adapter, Version=10.0.0.0, Culture=neutral, PublicKeyToken=b03f5f7f11d50a3a" className="TestProject1.UnitTest1, TestProject1, Version=1.0.0.0, Culture=neutral, PublicKeyToken=null" name="TestMethod1" />
    </UnitTest>
  </TestDefinitions>
  <TestLists>
    <TestList name="Results Not in a List" id="8c84fa94-04c1-424b-9868-57a2d4851a1d" />
    <TestList name="All Loaded Results" id="19431567-8539-422a-85d7-44ee4e166bda" />
  </TestLists>
  <TestEntries>
    <TestEntry testId="59863143-3238-122e-4d8a-637b491cc755" executionId="ade62c0f-02d5-4d6f-8a2a-0e2d8d65070a" testListId="8c84fa94-04c1-424b-9868-57a2d4851a1d" />
  </TestEntries>
  <Results>
    <UnitTestResult executionId="ade62c0f-02d5-4d6f-8a2a-0e2d8d65070a" testId="59863143-3238-122e-4d8a-637b491cc755" testName="TestMethod1" computerName="HP-FEDE" duration="00:00:00.0202464" startTime="2010-08-24T12:30:42.1696460-03:00" endTime="2010-08-24T12:30:43.0536965-03:00" testType="13cdc9d9-ddb5-4fa4-a97d-d965ccfc6d4b" outcome="Passed" testListId="8c84fa94-04c1-424b-9868-57a2d4851a1d" relativeResultsDirectory="ade62c0f-02d5-4d6f-8a2a-0e2d8d65070a">
    </UnitTestResult>
  </Results>
</TestRun>