<?xml version="1.0" encoding="UTF-8"?>
<TestRun id="aeff5d56-5b4f-425b-a9ad-e8707b2f0bf5" name="Fede@HP-FEDE 2010-08-24 12:33:31" runUser="hp-fede\Fede" xmlns="http://microsoft.com/schemas/VisualStudio/TeamTest/2010">
  <TestSettings name="Local" id="4485302a-3d6a-4037-a3f5-124d9daff8e6">
    <Description>These are default test settings for a local test run.</Description>
    <Deployment userDeploymentRoot="C:\Users\Fede\Documents\Facultad\POO\Obligatorio\obligatorio\TestResults" useDefaultDeploymentRoot="false" enabled="false" runDeploymentRoot="Fede_HP-FEDE 2010-08-24 12_33_31" />
    <Execution>
      <TestTypeSpecific />
      <AgentRule name="Execution Agents">
      </AgentRule>
    </Execution>
  </TestSettings>
  <Times creation="2010-08-24T12:33:31.5013312-03:00" queuing="2010-08-24T12:33:31.5053314-03:00" start="2010-08-24T12:33:31.5333330-03:00" finish="2010-08-24T12:33:31.9733582-03:00" />
  <ResultSummary outcome="Failed">
    <Counters total="1" executed="1" error="0" failed="1" timeout="0" aborted="0" inconclusive="0" passedButRunAborted="0" notRunnable="0" notExecuted="0" disconnected="0" warning="0" passed="0" completed="0" inProgress="0" pending="0" />
  </ResultSummary>
  <TestDefinitions>
    <UnitTest name="TestMethod1" storage="c:\users\fede\documents\facultad\poo\obligatorio\obligatorio\testproject1\bin\debug\testproject1.dll" id="59863143-3238-122e-4d8a-637b491cc755">
      <Execution id="11538129-b9d5-4f64-9d95-30fad5c0c48b" />
      <TestMethod codeBase="C:/Users/Fede/Documents/Facultad/POO/Obligatorio/obligatorio/TestProject1/bin/Debug/TestProject1.DLL" adapterTypeName="Microsoft.VisualStudio.TestTools.TestTypes.Unit.UnitTestAdapter, Microsoft.VisualStudio.QualityTools.Tips.UnitTest.Adapter, Version=10.0.0.0, Culture=neutral, PublicKeyToken=b03f5f7f11d50a3a" className="TestProject1.UnitTest1, TestProject1, Version=1.0.0.0, Culture=neutral, PublicKeyToken=null" name="TestMethod1" />
    </UnitTest>
  </TestDefinitions>
  <TestLists>
    <TestList name="Results Not in a List" id="8c84fa94-04c1-424b-9868-57a2d4851a1d" />
    <TestList name="All Loaded Results" id="19431567-8539-422a-85d7-44ee4e166bda" />
  </TestLists>
  <TestEntries>
    <TestEntry testId="59863143-3238-122e-4d8a-637b491cc755" executionId="11538129-b9d5-4f64-9d95-30fad5c0c48b" testListId="8c84fa94-04c1-424b-9868-57a2d4851a1d" />
  </TestEntries>
  <Results>
    <UnitTestResult executionId="11538129-b9d5-4f64-9d95-30fad5c0c48b" testId="59863143-3238-122e-4d8a-637b491cc755" testName="TestMethod1" computerName="HP-FEDE" duration="00:00:00.0425570" startTime="2010-08-24T12:33:31.5593345-03:00" endTime="2010-08-24T12:33:31.9343560-03:00" testType="13cdc9d9-ddb5-4fa4-a97d-d965ccfc6d4b" outcome="Failed" testListId="8c84fa94-04c1-424b-9868-57a2d4851a1d" relativeResultsDirectory="11538129-b9d5-4f64-9d95-30fad5c0c48b">
      <Output>
        <ErrorInfo>
          <Message>Assert.AreEqual failed. Expected:&lt;1&gt;. Actual:&lt;0&gt;. </Message>
          <StackTrace>   at TestProject1.UnitTest1.TestMethod1() in C:\Users\Fede\Documents\Facultad\POO\Obligatorio\obligatorio\TestProject1\UnitTest1.cs:line 15
</StackTrace>
        </ErrorInfo>
      </Output>
    </UnitTestResult>
  </Results>
</TestRun>