<?xml version="1.0" encoding="utf-8" standalone="no"?>
<!--This file represents the results of running a test suite-->
<test-results name="C:\Users\Fede\Documents\Facultad\Programación Orientada a Objetos\Projects\ExerciseOne\PicEditor\bin\Debug\PicEditor.exe" total="4" errors="0" failures="0" not-run="0" inconclusive="0" ignored="0" skipped="0" invalid="0" date="2010-04-10" time="17:22:24">
  <environment nunit-version="2.5.3.9345" clr-version="2.0.50727.4927" os-version="Microsoft Windows NT 6.1.7600.0" platform="Win32NT" cwd="C:\Program Files\NUnit 2.5.3\bin\net-2.0" machine-name="HP-FEDE" user="Fede" user-domain="HP-Fede" />
  <culture-info current-culture="es-UY" current-uiculture="en-US" />
  <test-suite name="C:\Users\Fede\Documents\Facultad\Programación Orientada a Objetos\Projects\ExerciseOne\PicEditor\bin\Debug\PicEditor.exe" executed="True" success="True" time="0.484" asserts="0">
    <results>
      <test-suite name="PicEditor" executed="True" success="True" time="0.452" asserts="0">
        <results>
          <test-suite name="TestCases" executed="True" success="True" time="0.452" asserts="0">
            <results>
              <test-suite name="TestFiltros" executed="True" success="True" time="0.359" asserts="0">
                <results>
                  <test-suite name="FiltroNegativo" executed="True" success="True" time="0.047" asserts="0">
                    <results>
                      <test-case name="PicEditor.TestCases.TestFiltros.FiltroNegativo()" executed="True" success="True" time="0.031" asserts="5" />
                    </results>
                  </test-suite>
                  <test-suite name="TestBlancoNegro" executed="True" success="True" time="0.281" asserts="0">
                    <results>
                      <test-case name="PicEditor.TestCases.TestFiltros.TestBlancoNegro()" executed="True" success="True" time="0.281" asserts="110521" />
                    </results>
                  </test-suite>
                </results>
              </test-suite>
              <test-suite name="TestPicture" executed="True" success="True" time="0.078" asserts="0">
                <results>
                  <test-suite name="CrearPicture" executed="True" success="True" time="0.000" asserts="0">
                    <results>
                      <test-case name="PicEditor.TestCases.TestPicture.CrearPicture()" executed="True" success="True" time="0.000" asserts="3615" />
                    </results>
                  </test-suite>
                  <test-suite name="ResizePicture" executed="True" success="True" time="0.062" asserts="0">
                    <results>
                      <test-case name="PicEditor.TestCases.TestPicture.ResizePicture()" executed="True" success="True" time="0.062" asserts="64221" />
                    </results>
                  </test-suite>
                </results>
              </test-suite>
            </results>
          </test-suite>
        </results>
      </test-suite>
    </results>
  </test-suite>
</test-results>